<?xml version="1.0" encoding="UTF-8"?>
<!-- Generated by org.testng.reporters.JUnitReportReporter -->
<testsuite hostname="SRINIVAS-G2005" failures="0" tests="1" name="demoAutomationTesting.HandlingNested_InnerFrame" time="0.566" errors="0" timestamp="2025-03-30T19:11:46 IST" skipped="0">
  <testcase classname="demoAutomationTesting.HandlingNested_InnerFrame" name="nestedInnerFrame" time="0.566"/>
</testsuite> <!-- demoAutomationTesting.HandlingNested_InnerFrame -->
