<?xml version="1.0" encoding="UTF-8"?>
<!-- Generated by org.testng.reporters.JUnitReportReporter -->
<testsuite hostname="SRINIVAS-G2005" failures="0" tests="1" name="theInternetHerokuApp.HandlingNestedFrames" time="0.597" errors="0" timestamp="2025-03-01T20:55:55 IST" skipped="0">
  <testcase classname="theInternetHerokuApp.HandlingNestedFrames" name="nestedFrames" time="0.597"/>
</testsuite> <!-- theInternetHerokuApp.HandlingNestedFrames -->
