<?xml version="1.0" encoding="UTF-8"?>
<!-- Generated by org.testng.reporters.JUnitReportReporter -->
<testsuite hostname="SRINIVAS-G2005" failures="0" tests="1" name="demoAutomationTesting.HandlingSingle_InnerFrame" time="0.356" errors="0" timestamp="2025-03-30T19:02:29 IST" skipped="0">
  <testcase classname="demoAutomationTesting.HandlingSingle_InnerFrame" name="singleInnerFrame" time="0.356"/>
</testsuite> <!-- demoAutomationTesting.HandlingSingle_InnerFrame -->
