<?xml version="1.0" encoding="UTF-8"?>
<!-- Generated by org.testng.reporters.JUnitReportReporter -->
<testsuite hostname="SRINIVAS-G2005" failures="0" tests="1" name="webAutomationFrames.HandlingInnerFrame" time="1.713" errors="0" timestamp="2025-03-01T22:16:57 IST" skipped="0">
  <testcase classname="webAutomationFrames.HandlingInnerFrame" name="nestedFrames" time="1.713"/>
</testsuite> <!-- webAutomationFrames.HandlingInnerFrame -->
