<?xml version="1.0" encoding="UTF-8"?>
<!-- Generated by org.testng.reporters.JUnitReportReporter -->
<testsuite hostname="SRINIVAS-G2005" failures="0" tests="1" name="globalsQA.HandlingInnerFrame" time="3.300" errors="0" timestamp="2025-04-05T09:40:46 IST" skipped="0">
  <testcase classname="globalsQA.HandlingInnerFrame" name="MT_CpursePrice" time="3.300"/>
</testsuite> <!-- globalsQA.HandlingInnerFrame -->
