<?xml version="1.0" encoding="UTF-8"?>
<!-- Generated by org.testng.reporters.JUnitReportReporter -->
<testsuite hostname="SRINIVAS-G2005" failures="0" tests="1" name="tutorialsPoint.HandlingFrames" time="33.869" errors="0" timestamp="2025-07-07T10:04:13 IST" skipped="0">
  <testcase classname="tutorialsPoint.HandlingFrames" name="innerFrame1" time="33.869"/>
</testsuite> <!-- tutorialsPoint.HandlingFrames -->
